2025-10-13 19:58:41,029 - INFO - Database initialized successfully
2025-10-13 19:58:41,030 - INFO - Starting spaces data fetch process...
2025-10-13 19:58:41,031 - INFO - Fetching page 1 from https://service.asets.id/api/space-available
2025-10-13 19:58:42,410 - INFO - Total pages to fetch: 20
2025-10-13 19:58:42,410 - INFO - Fetched 10 spaces from page 1
2025-10-13 19:58:42,911 - INFO - Fetching page 2 from https://service.asets.id/api/space-available
2025-10-13 19:58:43,099 - INFO - Fetched 10 spaces from page 2
2025-10-13 19:58:43,600 - INFO - Fetching page 3 from https://service.asets.id/api/space-available
2025-10-13 19:58:43,847 - INFO - Fetched 10 spaces from page 3
2025-10-13 19:58:44,347 - INFO - Fetching page 4 from https://service.asets.id/api/space-available
2025-10-13 19:58:44,502 - INFO - Fetched 10 spaces from page 4
2025-10-13 19:58:45,003 - INFO - Fetching page 5 from https://service.asets.id/api/space-available
2025-10-13 19:58:45,119 - INFO - Fetched 10 spaces from page 5
2025-10-13 19:58:45,620 - INFO - Fetching page 6 from https://service.asets.id/api/space-available
2025-10-13 19:58:45,753 - INFO - Fetched 10 spaces from page 6
2025-10-13 19:58:46,254 - INFO - Fetching page 7 from https://service.asets.id/api/space-available
2025-10-13 19:58:46,387 - INFO - Fetched 10 spaces from page 7
2025-10-13 19:58:46,888 - INFO - Fetching page 8 from https://service.asets.id/api/space-available
2025-10-13 19:58:47,015 - INFO - Fetched 10 spaces from page 8
2025-10-13 19:58:47,516 - INFO - Fetching page 9 from https://service.asets.id/api/space-available
2025-10-13 19:58:47,629 - INFO - Fetched 10 spaces from page 9
2025-10-13 19:58:48,130 - INFO - Fetching page 10 from https://service.asets.id/api/space-available
2025-10-13 19:58:48,264 - INFO - Fetched 10 spaces from page 10
2025-10-13 19:58:48,765 - INFO - Fetching page 11 from https://service.asets.id/api/space-available
2025-10-13 19:58:48,912 - INFO - Fetched 10 spaces from page 11
2025-10-13 19:58:49,413 - INFO - Fetching page 12 from https://service.asets.id/api/space-available
2025-10-13 19:58:49,528 - INFO - Fetched 10 spaces from page 12
2025-10-13 19:58:50,029 - INFO - Fetching page 13 from https://service.asets.id/api/space-available
2025-10-13 19:58:50,144 - INFO - Fetched 10 spaces from page 13
2025-10-13 19:58:50,645 - INFO - Fetching page 14 from https://service.asets.id/api/space-available
2025-10-13 19:58:50,785 - INFO - Fetched 10 spaces from page 14
2025-10-13 19:58:51,286 - INFO - Fetching page 15 from https://service.asets.id/api/space-available
2025-10-13 19:58:51,391 - INFO - Fetched 10 spaces from page 15
2025-10-13 19:58:51,892 - INFO - Fetching page 16 from https://service.asets.id/api/space-available
2025-10-13 19:58:52,009 - INFO - Fetched 10 spaces from page 16
2025-10-13 19:58:52,510 - INFO - Fetching page 17 from https://service.asets.id/api/space-available
2025-10-13 19:58:52,652 - INFO - Fetched 10 spaces from page 17
2025-10-13 19:58:53,153 - INFO - Fetching page 18 from https://service.asets.id/api/space-available
2025-10-13 19:58:53,270 - INFO - Fetched 10 spaces from page 18
2025-10-13 19:58:53,771 - INFO - Fetching page 19 from https://service.asets.id/api/space-available
2025-10-13 19:58:53,985 - INFO - Fetched 10 spaces from page 19
2025-10-13 19:58:54,486 - INFO - Fetching page 20 from https://service.asets.id/api/space-available
2025-10-13 19:58:54,620 - INFO - Fetched 6 spaces from page 20
2025-10-13 19:58:55,121 - INFO - Total spaces fetched: 196
2025-10-13 19:58:55,137 - INFO - Saved 196 spaces to database
2025-10-13 19:58:55,138 - INFO - Spaces data fetch process completed!
2025-10-13 19:58:55,161 - INFO - Spaces data exported to spaces_export.json
2025-10-13 20:00:52,227 - INFO - Database initialized successfully
2025-10-13 20:00:52,227 - INFO - Starting spaces data fetch process...
2025-10-13 20:00:52,228 - INFO - Fetching page 1 from https://service.asets.id/api/space-available
2025-10-13 20:00:55,912 - INFO - Total pages to fetch: 20
2025-10-13 20:00:55,912 - INFO - Fetched 10 spaces from page 1
2025-10-13 20:00:56,413 - INFO - Fetching page 2 from https://service.asets.id/api/space-available
2025-10-13 20:00:56,559 - INFO - Fetched 10 spaces from page 2
2025-10-13 20:00:57,060 - INFO - Fetching page 3 from https://service.asets.id/api/space-available
2025-10-13 20:00:57,237 - INFO - Fetched 10 spaces from page 3
2025-10-13 20:00:57,738 - INFO - Fetching page 4 from https://service.asets.id/api/space-available
2025-10-13 20:00:57,864 - INFO - Fetched 10 spaces from page 4
2025-10-13 20:00:58,365 - INFO - Fetching page 5 from https://service.asets.id/api/space-available
2025-10-13 20:00:58,540 - INFO - Fetched 10 spaces from page 5
2025-10-13 20:00:59,041 - INFO - Fetching page 6 from https://service.asets.id/api/space-available
2025-10-13 20:00:59,199 - INFO - Fetched 10 spaces from page 6
2025-10-13 20:00:59,700 - INFO - Fetching page 7 from https://service.asets.id/api/space-available
2025-10-13 20:00:59,828 - INFO - Fetched 10 spaces from page 7
2025-10-13 20:01:00,328 - INFO - Fetching page 8 from https://service.asets.id/api/space-available
2025-10-13 20:01:00,506 - INFO - Fetched 10 spaces from page 8
2025-10-13 20:01:01,007 - INFO - Fetching page 9 from https://service.asets.id/api/space-available
2025-10-13 20:01:01,186 - INFO - Fetched 10 spaces from page 9
2025-10-13 20:01:01,687 - INFO - Fetching page 10 from https://service.asets.id/api/space-available
2025-10-13 20:01:01,930 - INFO - Fetched 10 spaces from page 10
2025-10-13 20:01:02,431 - INFO - Fetching page 11 from https://service.asets.id/api/space-available
2025-10-13 20:01:02,902 - INFO - Fetched 10 spaces from page 11
2025-10-13 20:01:03,403 - INFO - Fetching page 12 from https://service.asets.id/api/space-available
2025-10-13 20:01:03,568 - INFO - Fetched 10 spaces from page 12
2025-10-13 20:01:04,069 - INFO - Fetching page 13 from https://service.asets.id/api/space-available
2025-10-13 20:01:04,205 - INFO - Fetched 10 spaces from page 13
2025-10-13 20:01:04,706 - INFO - Fetching page 14 from https://service.asets.id/api/space-available
2025-10-13 20:01:04,823 - INFO - Fetched 10 spaces from page 14
2025-10-13 20:01:05,324 - INFO - Fetching page 15 from https://service.asets.id/api/space-available
2025-10-13 20:01:05,441 - INFO - Fetched 10 spaces from page 15
2025-10-13 20:01:05,942 - INFO - Fetching page 16 from https://service.asets.id/api/space-available
2025-10-13 20:01:06,100 - INFO - Fetched 10 spaces from page 16
2025-10-13 20:01:06,601 - INFO - Fetching page 17 from https://service.asets.id/api/space-available
2025-10-13 20:01:06,789 - INFO - Fetched 10 spaces from page 17
2025-10-13 20:01:07,290 - INFO - Fetching page 18 from https://service.asets.id/api/space-available
2025-10-13 20:01:07,407 - INFO - Fetched 10 spaces from page 18
2025-10-13 20:01:07,908 - INFO - Fetching page 19 from https://service.asets.id/api/space-available
2025-10-13 20:01:08,198 - INFO - Fetched 10 spaces from page 19
2025-10-13 20:01:08,699 - INFO - Fetching page 20 from https://service.asets.id/api/space-available
2025-10-13 20:01:08,867 - INFO - Fetched 6 spaces from page 20
2025-10-13 20:01:09,368 - INFO - Total spaces fetched: 196
2025-10-13 20:01:09,387 - INFO - Saved 196 spaces to database
2025-10-13 20:01:09,388 - INFO - Spaces data fetch process completed!
2025-10-13 20:01:09,414 - INFO - Spaces data exported to spaces_export.json
